Start check quota for user=test1(id=1)
Condition matched: pct>=100
Start check quota for user=test2(id=2)
Condition matched: pct>=100
Start check quota for user=ali(id=3)
Condition matched: pct>=100
Start check quota for user=soraya(id=6)
Condition matched: pct<85(no warning)
Start check quota for user=hamed(id=7)
Condition matched: pct<85(no warning)
Start check quota for user=melisssa(id=8)
Condition matched: pct<85(no warning)
Start check quota for user=Elssa(id=9)
Condition matched: pct<85(no warning)
DEBUG: pct=51429.100000000006, used=3085746,quota=6000
Condition matched: pct>=100
DEBUG: pct=307259.3333333333, used=18435560,quota=6000
Condition matched: pct>=100
DEBUG: pct=77232.83333333334, used=4633970,quota=6000
Condition matched: pct>=100
DEBUG: pct=66.66666666666666, used=4000,quota=6000
Condition matched: pct<85(no warning)
DEBUG: pct=50.0, used=3000,quota=6000
Condition matched: pct<85(no warning)
DEBUG: pct=50.0, used=3000,quota=6000
Condition matched: pct<85(no warning)
DEBUG: pct=75.0, used=4500,quota=6000
Condition matched: pct<85(no warning)
DEBUG: pct=51429.100000000006, used=3085746,quota=6000
Condition matched: pct>=100
DEBUG: pct=307259.3333333333, used=18435560,quota=6000
Condition matched: pct>=100
DEBUG: pct=77232.83333333334, used=4633970,quota=6000
Condition matched: pct>=100
DEBUG: pct=66.66666666666666, used=4000,quota=6000
DEBUG: pct=50.0, used=3000,quota=6000
DEBUG: pct=50.0, used=3000,quota=6000
DEBUG: pct=75.0, used=4500,quota=6000
DEBUG: pct=51429.100000000006, used=3085746,quota=6000
Condition matched: pct>=100
DEBUG: pct=307259.3333333333, used=18435560,quota=6000
Condition matched: pct>=100
DEBUG: pct=77232.83333333334, used=4633970,quota=6000
Condition matched: pct>=100
DEBUG: pct=66.66666666666666, used=4000,quota=6000
DEBUG: pct=50.0, used=3000,quota=6000
DEBUG: pct=50.0, used=3000,quota=6000
DEBUG: pct=75.0, used=4500,quota=6000
DEBUG: pct=51562.433333333334, used=3093746,quota=6000
Condition matched: pct>=100
DEBUG: pct=307289.3333333334, used=18437360,quota=6000
Condition matched: pct>=100
DEBUG: pct=77327.83333333333, used=4639670,quota=6000
Condition matched: pct>=100
DEBUG: pct=83.33333333333334, used=5000,quota=6000
DEBUG: pct=83.33333333333334, used=5000,quota=6000
DEBUG: pct=70.0, used=4200,quota=6000
DEBUG: pct=150.0, used=9000,quota=6000
Condition matched: pct>=100
DEBUG: pct=51562.433333333334, used=3093746,quota=6000
Condition matched: pct>=100
DEBUG: pct=307289.3333333334, used=18437360,quota=6000
Condition matched: pct>=100
DEBUG: pct=77327.83333333333, used=4639670,quota=6000
Condition matched: pct>=100
DEBUG: pct=83.33333333333334, used=5000,quota=6000
DEBUG: pct=83.33333333333334, used=5000,quota=6000
DEBUG: pct=83.33333333333334, used=5000,quota=6000
DEBUG: pct=150.0, used=9000,quota=6000
Condition matched: pct>=100
DEBUG: pct=133.33333333333331, used=8000,quota=6000
Condition matched: pct>=100
DEBUG: pct=30.0, used=1800,quota=6000
DEBUG: pct=95.0, used=5700,quota=6000
Condition matched: 85<=pct<100
WarnedUser WarnedUser object (3) created=False
DEBUG: pct=133.33333333333331, used=8000,quota=6000
Condition matched: pct>=100
DEBUG: pct=30.0, used=1800,quota=6000
DEBUG: pct=95.0, used=5700,quota=6000
Condition matched: 85<=pct<100
WarnedUser WarnedUser object (3) created=False
DEBUG: pct=133.33333333333331, used=8000,quota=6000
Condition matched: pct>=100
DEBUG: pct=133.33333333333331, used=8000,quota=6000
Condition matched: pct>=100
DEBUG: pct=30.0, used=1800,quota=6000
DEBUG: pct=95.0, used=5700,quota=6000
Condition matched: 85<=pct<100
WarnedUser WarnedUser object (3) created=False
DEBUG: pct=133.33333333333331, used=8000,quota=6000
Condition matched: pct>=100
DEBUG: pct=30.0, used=1800,quota=6000
DEBUG: pct=95.0, used=5700,quota=6000
Condition matched: 85<=pct<100
WarnedUser WarnedUser object (3) created=False
DEBUG: pct=16.666666666666664, used=1000,quota=6000
DEBUG: pct=33.33333333333333, used=2000,quota=6000
DEBUG: pct=33.33333333333333, used=2000,quota=6000
DEBUG: pct=75.0, used=4500,quota=6000
DEBUG: pct=133.33333333333331, used=8000,quota=6000
Condition matched: pct>=100
DEBUG: pct=133.33333333333331, used=8000,quota=6000
Condition matched: pct>=100
DEBUG: pct=133.33333333333331, used=8000,quota=6000
Condition matched: pct>=100
DEBUG: pct=30.0, used=1800,quota=6000
DEBUG: pct=95.0, used=5700,quota=6000
Condition matched: 85<=pct<100
WarnedUser WarnedUser object (3) created=False
DEBUG: pct=16.666666666666664, used=1000,quota=6000
DEBUG: pct=33.33333333333333, used=2000,quota=6000
DEBUG: pct=33.33333333333333, used=2000,quota=6000
DEBUG: pct=75.0, used=4500,quota=6000
DEBUG: pct=266.66666666666663, used=16000,quota=6000
Condition matched: pct>=100
DEBUG: pct=60.0, used=3600,quota=6000
DEBUG: pct=190.0, used=11400,quota=6000
Condition matched: pct>=100
DEBUG: pct=33.33333333333333, used=2000,quota=6000
DEBUG: pct=66.66666666666666, used=4000,quota=6000
DEBUG: pct=66.66666666666666, used=4000,quota=6000
DEBUG: pct=150.0, used=9000,quota=6000
Condition matched: pct>=100
DEBUG: pct=400.0, used=24000,quota=6000
Condition matched: pct>=100
DEBUG: pct=90.0, used=5400,quota=6000
Condition matched: 85<=pct<100
WarnedUser WarnedUser object (2) created=False
DEBUG: pct=285.0, used=17100,quota=6000
Condition matched: pct>=100
DEBUG: pct=50.0, used=3000,quota=6000
DEBUG: pct=100.0, used=6000,quota=6000
Condition matched: pct>=100
DEBUG: pct=100.0, used=6000,quota=6000
Condition matched: pct>=100
DEBUG: pct=225.0, used=13500,quota=6000
Condition matched: pct>=100
DEBUG: pct=533.3333333333333, used=32000,quota=6000
Condition matched: pct>=100
DEBUG: pct=120.0, used=7200,quota=6000
Condition matched: pct>=100
DEBUG: pct=380.0, used=22800,quota=6000
Condition matched: pct>=100
DEBUG: pct=66.66666666666666, used=4000,quota=6000
DEBUG: pct=133.33333333333331, used=8000,quota=6000
Condition matched: pct>=100
DEBUG: pct=133.33333333333331, used=8000,quota=6000
Condition matched: pct>=100
DEBUG: pct=300.0, used=18000,quota=6000
Condition matched: pct>=100
DEBUG: pct=533.3333333333333, used=32000,quota=6000
Condition matched: pct>=100
DEBUG: pct=533.3333333333333, used=32000,quota=6000
Condition matched: pct>=100
DEBUG: pct=120.0, used=7200,quota=6000
Condition matched: pct>=100
DEBUG: pct=380.0, used=22800,quota=6000
Condition matched: pct>=100
DEBUG: pct=66.66666666666666, used=4000,quota=6000
DEBUG: pct=133.33333333333331, used=8000,quota=6000
Condition matched: pct>=100
DEBUG: pct=133.33333333333331, used=8000,quota=6000
Condition matched: pct>=100
DEBUG: pct=300.0, used=18000,quota=6000
Condition matched: pct>=100
DEBUG: pct=533.3333333333333, used=32000,quota=6000
Condition matched: pct>=100
DEBUG: pct=533.3333333333333, used=32000,quota=6000
Condition matched: pct>=100
DEBUG: pct=120.0, used=7200,quota=6000
Condition matched: pct>=100
DEBUG: pct=380.0, used=22800,quota=6000
Condition matched: pct>=100
DEBUG: pct=66.66666666666666, used=4000,quota=6000
DEBUG: pct=133.33333333333331, used=8000,quota=6000
Condition matched: pct>=100
DEBUG: pct=133.33333333333331, used=8000,quota=6000
Condition matched: pct>=100
DEBUG: pct=300.0, used=18000,quota=6000
Condition matched: pct>=100
DEBUG: pct=533.3333333333333, used=32000,quota=6000
Condition matched: pct>=100
DEBUG: pct=533.3333333333333, used=32000,quota=6000
Condition matched: pct>=100
DEBUG: pct=120.0, used=7200,quota=6000
Condition matched: pct>=100
DEBUG: pct=380.0, used=22800,quota=6000
Condition matched: pct>=100
DEBUG: pct=66.66666666666666, used=4000,quota=6000
DEBUG: pct=133.33333333333331, used=8000,quota=6000
Condition matched: pct>=100
DEBUG: pct=133.33333333333331, used=8000,quota=6000
Condition matched: pct>=100
DEBUG: pct=300.0, used=18000,quota=6000
Condition matched: pct>=100
DEBUG: pct=533.3333333333333, used=32000,quota=6000
Condition matched: pct>=100
DEBUG: pct=533.3333333333333, used=32000,quota=6000
Condition matched: pct>=100
DEBUG: pct=120.0, used=7200,quota=6000
Condition matched: pct>=100
DEBUG: pct=380.0, used=22800,quota=6000
Condition matched: pct>=100
DEBUG: pct=66.66666666666666, used=4000,quota=6000
DEBUG: pct=133.33333333333331, used=8000,quota=6000
Condition matched: pct>=100
DEBUG: pct=133.33333333333331, used=8000,quota=6000
Condition matched: pct>=100
DEBUG: pct=300.0, used=18000,quota=6000
Condition matched: pct>=100
DEBUG: pct=0.0, used=0,quota=6000
DEBUG: pct=533.3333333333333, used=32000,quota=6000
Condition matched: pct>=100
DEBUG: pct=120.0, used=7200,quota=6000
Condition matched: pct>=100
DEBUG: pct=380.0, used=22800,quota=6000
Condition matched: pct>=100
DEBUG: pct=66.66666666666666, used=4000,quota=6000
DEBUG: pct=133.33333333333331, used=8000,quota=6000
Condition matched: pct>=100
DEBUG: pct=133.33333333333331, used=8000,quota=6000
Condition matched: pct>=100
DEBUG: pct=300.0, used=18000,quota=6000
Condition matched: pct>=100
DEBUG: pct=0.0, used=0,quota=6000
DEBUG: pct=533.3333333333333, used=32000,quota=6000
Condition matched: pct>=100
DEBUG: pct=0.0, used=0,quota=6000
DEBUG: pct=533.3333333333333, used=32000,quota=6000
Condition matched: pct>=100
DEBUG: pct=0.0, used=0,quota=6000
DEBUG: pct=533.3333333333333, used=32000,quota=6000
Condition matched: pct>=100
DEBUG: pct=533.3333333333333, used=32000,quota=6000
DEBUG: pct=533.3333333333333, used=32000,quota=6000
DEBUG: pct=533.3333333333333, used=32000,quota=6000
DEBUG: pct=300.0, used=18000,quota=6000
DEBUG: pct=300.0, used=18000,quota=6000
DEBUG: pct=533.3333333333333, used=32000,quota=6000
DEBUG: pct=120.0, used=7200,quota=6000
DEBUG: pct=0.0, used=0,quota=6000
DEBUG: pct=120.0, used=7200,quota=6000
DEBUG: pct=120.0, used=7200,quota=6000
DEBUG: pct=0.0, used=0,quota=6000
DEBUG: pct=120.0, used=7200,quota=6000
DEBUG: pct=120.0, used=7200,quota=6000
DEBUG: pct=16.666666666666664, used=1000,quota=6000
DEBUG: pct=75.0, used=4500,quota=6000
DEBUG: pct=75.0, used=4500,quota=6000
